<?xml version="1.0" encoding="utf-8"?><testsuites name="pytest tests"><testsuite name="pytest" errors="0" failures="0" skipped="0" tests="7" time="4.880" timestamp="2026-02-24T18:21:59.343867+00:00" hostname="agent-env-e19341f2-11a5-4d6a-a202-5c58d4acdd6d"><testcase classname="backend.tests.test_api.TestHealthEndpoints" name="test_root_endpoint" time="0.289" /><testcase classname="backend.tests.test_api.TestHealthEndpoints" name="test_health_endpoint" time="0.082" /><testcase classname="backend.tests.test_api.TestStatusEndpoints" name="test_create_status_check" time="0.107" /><testcase classname="backend.tests.test_api.TestStatusEndpoints" name="test_get_status_checks" time="0.125" /><testcase classname="backend.tests.test_api.TestChatEndpoints" name="test_chat_endpoint" time="3.926" /><testcase classname="backend.tests.test_api.TestChatEndpoints" name="test_chat_history_endpoint" time="0.134" /><testcase classname="backend.tests.test_api.TestChatEndpoints" name="test_clear_chat_history" time="0.102" /></testsuite></testsuites>