<?xml version="1.0" encoding="utf-8"?><testsuites name="pytest tests"><testsuite name="pytest" errors="0" failures="0" skipped="0" tests="7" time="6.108" timestamp="2026-02-22T18:22:12.475736+00:00" hostname="agent-env-a18adc0d-5d53-4fbb-8375-746cf56730c4"><testcase classname="backend.tests.test_api.TestHealthEndpoints" name="test_root_endpoint" time="0.604" /><testcase classname="backend.tests.test_api.TestHealthEndpoints" name="test_health_endpoint" time="0.459" /><testcase classname="backend.tests.test_api.TestStatusEndpoints" name="test_create_status_check" time="0.559" /><testcase classname="backend.tests.test_api.TestStatusEndpoints" name="test_get_status_checks" time="0.439" /><testcase classname="backend.tests.test_api.TestChatEndpoints" name="test_chat_endpoint" time="3.052" /><testcase classname="backend.tests.test_api.TestChatEndpoints" name="test_chat_history_endpoint" time="0.446" /><testcase classname="backend.tests.test_api.TestChatEndpoints" name="test_clear_chat_history" time="0.434" /></testsuite></testsuites>